<?xml version="1.0" encoding="UTF-8"?>
<!-- Generated by org.testng.reporters.JUnitReportReporter -->
<testsuite hostname="LAPTOP-M2QN05D0" failures="0" tests="1" name="testngpkg.ScrollDownProgram" time="2.822" errors="0" timestamp="2024-02-28T10:18:45 IST" skipped="0">
  <testcase classname="testngpkg.ScrollDownProgram" name="ebayScroll" time="2.822"/>
  <system-out/>
</testsuite> <!-- testngpkg.ScrollDownProgram -->
