<?xml version="1.0" encoding="UTF-8"?>
<!-- Generated by org.testng.reporters.JUnitReportReporter -->
<testsuite hostname="LAPTOP-M2QN05D0" failures="0" tests="1" name="testngpkg.PopUpDisable" time="31.842" errors="0" timestamp="2024-02-28T10:44:01 IST" skipped="0">
  <testcase classname="testngpkg.PopUpDisable" name="popUp" time="31.842"/>
  <system-out/>
</testsuite> <!-- testngpkg.PopUpDisable -->
