<?xml version="1.0" encoding="UTF-8"?>
<!-- Generated by org.testng.reporters.JUnitReportReporter -->
<testsuite hostname="LAPTOP-M2QN05D0" failures="0" tests="1" name="testngpkg.FileUploadRobot" time="4.732" errors="0" timestamp="2024-02-23T09:53:53 IST" skipped="0">
  <testcase classname="testngpkg.FileUploadRobot" name="fileuploadpgm" time="4.732"/>
  <system-out/>
</testsuite> <!-- testngpkg.FileUploadRobot -->
