<?xml version="1.0" encoding="UTF-8"?>
<!-- Generated by org.testng.reporters.JUnitReportReporter -->
<testsuite hostname="LAPTOP-M2QN05D0" failures="0" tests="1" name="testngpkg.MultipleWindowHandles" time="19.624" errors="0" timestamp="2024-02-27T09:57:35 IST" skipped="0">
  <testcase classname="testngpkg.MultipleWindowHandles" name="getPage" time="19.624"/>
  <system-out/>
</testsuite> <!-- testngpkg.MultipleWindowHandles -->
