<?xml version="1.0" encoding="UTF-8"?>
<!-- Generated by org.testng.reporters.JUnitReportReporter -->
<testsuite hostname="LAPTOP-M2QN05D0" failures="0" tests="1" name="testngpkg.ExtentedReports" time="0.042" errors="0" timestamp="2024-03-08T09:19:31 IST" skipped="0">
  <testcase classname="testngpkg.ExtentedReports" name="fbTitleVerifiication" time="0.042"/>
  <system-out/>
</testsuite> <!-- testngpkg.ExtentedReports -->
