<?xml version="1.0" encoding="UTF-8"?>
<!-- Generated by org.testng.reporters.JUnitReportReporter -->
<testsuite hostname="LAPTOP-M2QN05D0" failures="0" tests="1" name="testngpkg.Amazon2" time="15.687" errors="0" timestamp="2024-02-27T11:08:27 IST" skipped="0">
  <testcase classname="testngpkg.Amazon2" name="amazonIn" time="15.687"/>
  <system-out/>
</testsuite> <!-- testngpkg.Amazon2 -->
