<?xml version="1.0" encoding="UTF-8"?>
<!-- Generated by org.testng.reporters.JUnitReportReporter -->
<testsuite hostname="LAPTOP-M2QN05D0" failures="0" tests="1" name="test.Signuptest" time="3.377" errors="0" timestamp="2024-03-06T11:01:05 IST" skipped="0">
  <testcase classname="test.Signuptest" name="testSignup" time="3.377"/>
  <system-out/>
</testsuite> <!-- test.Signuptest -->
