<?xml version="1.0" encoding="UTF-8"?>
<!-- Generated by org.testng.reporters.JUnitReportReporter -->
<testsuite hostname="LAPTOP-M2QN05D0" failures="0" tests="1" name="testngpkg.Parameterisation" time="0.014" errors="0" timestamp="2024-02-20T09:34:04 IST" skipped="0">
  <testcase classname="testngpkg.Parameterisation" name="test" time="0.014"/>
  <system-out/>
</testsuite> <!-- testngpkg.Parameterisation -->
