<?xml version="1.0" encoding="UTF-8"?>
<!-- Generated by org.testng.reporters.JUnitReportReporter -->
<testsuite hostname="LAPTOP-M2QN05D0" failures="0" tests="1" name="testngpkg.DataDrivenpgm" time="2.938" errors="0" timestamp="2024-02-26T10:06:45 IST" skipped="0">
  <testcase classname="testngpkg.DataDrivenpgm" name="datadriven" time="2.938"/>
  <system-out/>
</testsuite> <!-- testngpkg.DataDrivenpgm -->
