<?xml version="1.0" encoding="UTF-8"?>
<!-- Generated by org.testng.reporters.JUnitReportReporter -->
<testsuite hostname="LAPTOP-M2QN05D0" failures="0" tests="1" name="testngpkg.DragandDrop" time="6.596" errors="0" timestamp="2024-02-21T10:35:54 IST" skipped="0">
  <testcase classname="testngpkg.DragandDrop" name="copyPasteMethod" time="6.596"/>
  <system-out/>
</testsuite> <!-- testngpkg.DragandDrop -->
