<?xml version="1.0" encoding="UTF-8"?>
<!-- Generated by org.testng.reporters.JUnitReportReporter -->
<testsuite hostname="LAPTOP-M2QN05D0" failures="0" tests="1" name="testngpkg.CopyPaste" time="0.623" errors="0" timestamp="2024-02-21T09:44:07 IST" skipped="0">
  <testcase classname="testngpkg.CopyPaste" name="copyPasteMethod" time="0.623"/>
  <system-out/>
</testsuite> <!-- testngpkg.CopyPaste -->
