<?xml version="1.0" encoding="UTF-8"?>
<!-- Generated by org.testng.reporters.JUnitReportReporter -->
<testsuite hostname="LAPTOP-M2QN05D0" failures="0" tests="1" name="testngpkg.Ebay" time="3.253" errors="0" timestamp="2024-02-28T09:53:22 IST" skipped="0">
  <testcase classname="testngpkg.Ebay" name="ebayy" time="3.253"/>
  <system-out/>
</testsuite> <!-- testngpkg.Ebay -->
