<?xml version="1.0" encoding="UTF-8"?>
<!-- Generated by org.testng.reporters.JUnitReportReporter -->
<testsuite hostname="LAPTOP-M2QN05D0" failures="0" tests="1" name="testngpkg.FaceBook" time="0.266" errors="0" timestamp="2024-02-20T10:22:21 IST" skipped="0">
  <testcase classname="testngpkg.FaceBook" name="login" time="0.266"/>
  <system-out/>
</testsuite> <!-- testngpkg.FaceBook -->
