<?xml version="1.0" encoding="UTF-8"?>
<!-- Generated by org.testng.reporters.JUnitReportReporter -->
<testsuite hostname="LAPTOP-M2QN05D0" failures="0" tests="1" name="testngpkg.Alert2" time="0.564" errors="0" timestamp="2024-02-23T09:37:16 IST" skipped="0">
  <testcase classname="testngpkg.Alert2" name="alertmsg" time="0.564"/>
  <system-out/>
</testsuite> <!-- testngpkg.Alert2 -->
