<?xml version="1.0" encoding="UTF-8"?>
<!-- Generated by org.testng.reporters.JUnitReportReporter -->
<testsuite hostname="LAPTOP-M2QN05D0" failures="0" tests="1" name="testngpkg.AutomationExcersice" time="13.484" errors="0" timestamp="2024-02-29T11:44:09 IST" skipped="0">
  <testcase classname="testngpkg.AutomationExcersice" name="automation" time="13.484"/>
  <system-out/>
</testsuite> <!-- testngpkg.AutomationExcersice -->
