<?xml version="1.0" encoding="UTF-8"?>
<!-- Generated by org.testng.reporters.JUnitReportReporter -->
<testsuite hostname="LAPTOP-M2QN05D0" failures="0" tests="1" name="test.FbLoginTest" time="4.834" errors="0" timestamp="2024-03-06T10:22:04 IST" skipped="0">
  <testcase classname="test.FbLoginTest" name="testSignup" time="4.834"/>
  <system-out/>
</testsuite> <!-- test.FbLoginTest -->
